<?xml version="1.0" encoding="UTF-8"?>
<!-- Generated by org.testng.reporters.JUnitReportReporter -->
<testsuite skipped="0" hostname="AMBIN02211" name="SumValidation" tests="1" failures="0" timestamp="2021-10-20T11:34:53 IST" time="0.942" errors="0">
  <testcase name="sumOfCourses" time="0.942" classname="SumValidation"/>
  <system-out/>
</testsuite> <!-- SumValidation -->
