<?xml version="1.0" encoding="UTF-8"?>
<!-- Generated by org.testng.reporters.JUnitReportReporter -->
<testsuite skipped="0" hostname="AMBIN02211" name="DynamicJson" tests="3" failures="0" timestamp="2021-10-21T00:21:41 IST" time="6.142" errors="0">
  <testcase name="addBook" time="4.037" classname="DynamicJson"/>
  <system-out/>
  <testcase name="addBook" time="0.207" classname="DynamicJson"/>
  <system-out/>
  <testcase name="addBook" time="1.898" classname="DynamicJson"/>
  <system-out/>
</testsuite> <!-- DynamicJson -->
