<?xml version="1.0" encoding="UTF-8"?>
<!-- Generated by org.testng.reporters.JUnitReportReporter -->
<testsuite hostname="CGSCLXR77192709" failures="0" tests="1" name="com.testscripts.ManageCostCenterTestScripts" time="24.020" errors="0" timestamp="29 Nov 2023 07:49:53 GMT" skipped="0">
  <testcase classname="com.testscripts.ManageCostCenterTestScripts" name="TestCase001_ValidateDashboardPage" time="24.020"/>
</testsuite> <!-- com.testscripts.ManageCostCenterTestScripts -->
